<?xml version="1.0" encoding="UTF-8"?>
<!-- Generated by org.testng.reporters.JUnitXMLReporter -->
<testsuite ignored="0" hostname="DESKTOP-91HLLFP" failures="1" tests="1" name="Test(failed)" time="25.174" errors="0" timestamp="2024-10-02T17:25:40 IST">
  <testcase classname="testcases.TC_002LoginTest" name="Verify_Login" time="11.919">
    <failure type="java.lang.AssertionError" message="expected [true] but found [false]">
      <![CDATA[java.lang.AssertionError: expected [true] but found [false]
at testcases.TC_002LoginTest.Verify_Login(TC_002LoginTest.java:29)
at java.base/java.util.ArrayList.forEach(ArrayList.java:1511)
... Removed 29 stack frames]]>
    </failure>
  </testcase> <!-- Verify_Login -->
</testsuite> <!-- Test(failed) -->
