<?xml version="1.0" encoding="UTF-8"?>
<testng-results ignored="0" total="2" passed="2" failed="0" skipped="0">
  <reporter-output>
  </reporter-output>
  <suite started-at="2024-10-07T11:40:09 IST" name="MasterSuite" finished-at="2024-10-07T11:40:47 IST" duration-ms="37152">
    <groups>
      <group name="Regression">
        <method signature="TC_001AccountRegisterTest.verify_Acc_Register()[pri:0, instance:testcases.TC_001AccountRegisterTest@2e8e8225]" name="verify_Acc_Register" class="testcases.TC_001AccountRegisterTest"/>
      </group> <!-- Regression -->
      <group name="sanity">
        <method signature="TC_002LoginTest.Verify_Login()[pri:0, instance:testcases.TC_002LoginTest@2807bdeb]" name="Verify_Login" class="testcases.TC_002LoginTest"/>
      </group> <!-- sanity -->
      <group name="master">
        <method signature="TC_001AccountRegisterTest.verify_Acc_Register()[pri:0, instance:testcases.TC_001AccountRegisterTest@2e8e8225]" name="verify_Acc_Register" class="testcases.TC_001AccountRegisterTest"/>
        <method signature="TC_002LoginTest.Verify_Login()[pri:0, instance:testcases.TC_002LoginTest@2807bdeb]" name="Verify_Login" class="testcases.TC_002LoginTest"/>
      </group> <!-- master -->
    </groups>
    <test started-at="2024-10-07T11:40:09 IST" name="Test" finished-at="2024-10-07T11:40:47 IST" duration-ms="37152">
      <class name="testcases.TC_001AccountRegisterTest">
        <test-method is-config="true" signature="setUp(java.lang.String)[pri:0, instance:testcases.TC_001AccountRegisterTest@2e8e8225]" started-at="2024-10-07T11:40:10 IST" name="setUp" finished-at="2024-10-07T11:40:23 IST" duration-ms="12899" status="PASS">
          <params>
            <param index="0">
              <value>
                <![CDATA[chrome]]>
              </value>
            </param>
          </params>
          <reporter-output>
          </reporter-output>
        </test-method> <!-- setUp -->
        <test-method signature="verify_Acc_Register()[pri:0, instance:testcases.TC_001AccountRegisterTest@2e8e8225]" started-at="2024-10-07T11:40:23 IST" name="verify_Acc_Register" finished-at="2024-10-07T11:40:29 IST" duration-ms="6085" status="PASS">
          <reporter-output>
          </reporter-output>
        </test-method> <!-- verify_Acc_Register -->
        <test-method is-config="true" signature="tearDown()[pri:0, instance:testcases.TC_001AccountRegisterTest@2e8e8225]" started-at="2024-10-07T11:40:29 IST" name="tearDown" finished-at="2024-10-07T11:40:33 IST" duration-ms="3289" status="PASS">
          <reporter-output>
          </reporter-output>
        </test-method> <!-- tearDown -->
      </class> <!-- testcases.TC_001AccountRegisterTest -->
      <class name="testcases.TC_002LoginTest">
        <test-method is-config="true" signature="setUp(java.lang.String)[pri:0, instance:testcases.TC_002LoginTest@2807bdeb]" started-at="2024-10-07T11:40:33 IST" name="setUp" finished-at="2024-10-07T11:40:40 IST" duration-ms="7021" status="PASS">
          <params>
            <param index="0">
              <value>
                <![CDATA[chrome]]>
              </value>
            </param>
          </params>
          <reporter-output>
          </reporter-output>
        </test-method> <!-- setUp -->
        <test-method signature="Verify_Login()[pri:0, instance:testcases.TC_002LoginTest@2807bdeb]" started-at="2024-10-07T11:40:40 IST" name="Verify_Login" finished-at="2024-10-07T11:40:43 IST" duration-ms="3561" status="PASS">
          <reporter-output>
          </reporter-output>
        </test-method> <!-- Verify_Login -->
        <test-method is-config="true" signature="tearDown()[pri:0, instance:testcases.TC_002LoginTest@2807bdeb]" started-at="2024-10-07T11:40:43 IST" name="tearDown" finished-at="2024-10-07T11:40:47 IST" duration-ms="3329" status="PASS">
          <reporter-output>
          </reporter-output>
        </test-method> <!-- tearDown -->
      </class> <!-- testcases.TC_002LoginTest -->
    </test> <!-- Test -->
  </suite> <!-- MasterSuite -->
</testng-results>
