<?xml version="1.0" encoding="UTF-8"?>
<!-- Generated by org.testng.reporters.JUnitXMLReporter -->
<testsuite ignored="0" hostname="DESKTOP-91HLLFP" failures="1" tests="2" name="Test" time="45.674" errors="0" timestamp="2024-10-02T17:23:44 IST">
  <testcase classname="testcases.TC_001AccountRegisterTest" name="verify_Acc_Register" time="7.908"/>
  <testcase classname="testcases.TC_002LoginTest" name="Verify_Login" time="11.601">
    <failure type="java.lang.AssertionError" message="expected [true] but found [false]">
      <![CDATA[java.lang.AssertionError: expected [true] but found [false]
at testcases.TC_002LoginTest.Verify_Login(TC_002LoginTest.java:29)
at java.base/java.util.ArrayList.forEach(ArrayList.java:1511)
... Removed 29 stack frames]]>
    </failure>
  </testcase> <!-- Verify_Login -->
</testsuite> <!-- Test -->
